This is pdfTeX, Version 3.1415926-2.3-1.40.12 (MiKTeX 2.9) (preloaded format=pdflatex 2012.12.5)  24 SEP 2013 12:21
entering extended mode
**Tritium.tex
("C:\Users\Richard\Desktop\Tritium Paper\New folder\Tritium.tex"
LaTeX2e <2011/06/27>
Babel <v3.8m> and hyphenation patterns for english, afrikaans, ancientgreek, ar
abic, armenian, assamese, basque, bengali, bokmal, bulgarian, catalan, coptic, 
croatian, czech, danish, dutch, esperanto, estonian, farsi, finnish, french, ga
lician, german, german-x-2009-06-19, greek, gujarati, hindi, hungarian, iceland
ic, indonesian, interlingua, irish, italian, kannada, kurmanji, lao, latin, lat
vian, lithuanian, malayalam, marathi, mongolian, mongolianlmc, monogreek, ngerm
an, ngerman-x-2009-06-19, nynorsk, oriya, panjabi, pinyin, polish, portuguese, 
romanian, russian, sanskrit, serbian, slovak, slovenian, spanish, swedish, swis
sgerman, tamil, telugu, turkish, turkmen, ukenglish, ukrainian, uppersorbian, u
senglishmax, welsh, loaded.
("C:\Program Files (x86)\MiKTeX 2.9\tex\latex\base\article.cls"
Document Class: article 2007/10/19 v1.4h Standard LaTeX document class
("C:\Program Files (x86)\MiKTeX 2.9\tex\latex\base\size12.clo"
File: size12.clo 2007/10/19 v1.4h Standard LaTeX file (size option)
)
\c@part=\count79
\c@section=\count80
\c@subsection=\count81
\c@subsubsection=\count82
\c@paragraph=\count83
\c@subparagraph=\count84
\c@figure=\count85
\c@table=\count86
\abovecaptionskip=\skip41
\belowcaptionskip=\skip42
\bibindent=\dimen102
)
("C:\Program Files (x86)\MiKTeX 2.9\tex\latex\ams\math\amsmath.sty"
Package: amsmath 2000/07/18 v2.13 AMS math features
\@mathmargin=\skip43

For additional information on amsmath, use the `?' option.
("C:\Program Files (x86)\MiKTeX 2.9\tex\latex\ams\math\amstext.sty"
Package: amstext 2000/06/29 v2.01

("C:\Program Files (x86)\MiKTeX 2.9\tex\latex\ams\math\amsgen.sty"
File: amsgen.sty 1999/11/30 v2.0
\@emptytoks=\toks14
\ex@=\dimen103
))
("C:\Program Files (x86)\MiKTeX 2.9\tex\latex\ams\math\amsbsy.sty"
Package: amsbsy 1999/11/29 v1.2d
\pmbraise@=\dimen104
)
("C:\Program Files (x86)\MiKTeX 2.9\tex\latex\ams\math\amsopn.sty"
Package: amsopn 1999/12/14 v2.01 operator names
)
\inf@bad=\count87
LaTeX Info: Redefining \frac on input line 211.
\uproot@=\count88
\leftroot@=\count89
LaTeX Info: Redefining \overline on input line 307.
\classnum@=\count90
\DOTSCASE@=\count91
LaTeX Info: Redefining \ldots on input line 379.
LaTeX Info: Redefining \dots on input line 382.
LaTeX Info: Redefining \cdots on input line 467.
\Mathstrutbox@=\box26
\strutbox@=\box27
\big@size=\dimen105
LaTeX Font Info:    Redeclaring font encoding OML on input line 567.
LaTeX Font Info:    Redeclaring font encoding OMS on input line 568.
\macc@depth=\count92
\c@MaxMatrixCols=\count93
\dotsspace@=\muskip10
\c@parentequation=\count94
\dspbrk@lvl=\count95
\tag@help=\toks15
\row@=\count96
\column@=\count97
\maxfields@=\count98
\andhelp@=\toks16
\eqnshift@=\dimen106
\alignsep@=\dimen107
\tagshift@=\dimen108
\tagwidth@=\dimen109
\totwidth@=\dimen110
\lineht@=\dimen111
\@envbody=\toks17
\multlinegap=\skip44
\multlinetaggap=\skip45
\mathdisplay@stack=\toks18
LaTeX Info: Redefining \[ on input line 2666.
LaTeX Info: Redefining \] on input line 2667.
)
("C:\Program Files (x86)\MiKTeX 2.9\tex\latex\graphics\graphicx.sty"
Package: graphicx 1999/02/16 v1.0f Enhanced LaTeX Graphics (DPC,SPQR)

("C:\Program Files (x86)\MiKTeX 2.9\tex\latex\graphics\keyval.sty"
Package: keyval 1999/03/16 v1.13 key=value parser (DPC)
\KV@toks@=\toks19
)
("C:\Program Files (x86)\MiKTeX 2.9\tex\latex\graphics\graphics.sty"
Package: graphics 2009/02/05 v1.0o Standard LaTeX Graphics (DPC,SPQR)

("C:\Program Files (x86)\MiKTeX 2.9\tex\latex\graphics\trig.sty"
Package: trig 1999/03/16 v1.09 sin cos tan (DPC)
)
("C:\Program Files (x86)\MiKTeX 2.9\tex\latex\00miktex\graphics.cfg"
File: graphics.cfg 2007/01/18 v1.5 graphics configuration of teTeX/TeXLive
)
Package graphics Info: Driver file: pdftex.def on input line 91.

("C:\Program Files (x86)\MiKTeX 2.9\tex\latex\pdftex-def\pdftex.def"
File: pdftex.def 2011/05/27 v0.06d Graphics/color for pdfTeX

("C:\Program Files (x86)\MiKTeX 2.9\tex\generic\oberdiek\infwarerr.sty"
Package: infwarerr 2010/04/08 v1.3 Providing info/warning/error messages (HO)
)
("C:\Program Files (x86)\MiKTeX 2.9\tex\generic\oberdiek\ltxcmds.sty"
Package: ltxcmds 2011/11/09 v1.22 LaTeX kernel commands for general use (HO)
)
\Gread@gobject=\count99
))
\Gin@req@height=\dimen112
\Gin@req@width=\dimen113
)
("C:\Program Files (x86)\MiKTeX 2.9\tex\latex\floatrow\floatrow.sty"
Package: floatrow 2008/08/02 v0.3b floatrow: float package extension

("C:\Program Files (x86)\MiKTeX 2.9\tex\latex\caption\caption3.sty"
Package: caption3 2013/02/03 v1.5-62 caption3 kernel (AR)
\captionmargin=\dimen114
\captionmargin@=\dimen115
\captionwidth=\dimen116
\caption@tempdima=\dimen117
\caption@indent=\dimen118
\caption@parindent=\dimen119
\caption@hangindent=\dimen120
)
\c@float@type=\count100
\float@exts=\toks20
\float@box=\box28
\@floatcapt=\box29
Package floatrow Info: Modified float package code loaded on input line 455.
Package floatrow Info: Modified rotfloat package code loaded on input line 473.

\FR@everyfloat=\toks21
\flrow@foot=\insert233
\FB@wd=\dimen121
\FBo@wd=\dimen122
\FBc@wd=\dimen123
\FBo@ht=\skip46
\FBc@ht=\skip47
\FBf@ht=\skip48
\FBo@max=\skip49
\FBc@max=\skip50
\FBf@max=\skip51
\c@FBl@b=\count101
\floatbox@depth=\count102
\c@FRobj=\count103
\c@FRsobj=\count104
\Xhsize=\skip52
\sXhsize=\skip53
\Zhsize=\skip54
\sZhsize=\skip55
\flrow@rowbox=\box30
\FR@Zunitlength=\dimen124
\c@FBcnt=\count105
\FPOScnt=\count106
\LTleft=\skip56
\LTright=\skip57
\LTleft=\skip58
\LTright=\skip59
\flrow@types=\toks22
)
("C:\Program Files (x86)\MiKTeX 2.9\tex\latex\amsfonts\amssymb.sty"
Package: amssymb 2009/06/22 v3.00

("C:\Program Files (x86)\MiKTeX 2.9\tex\latex\amsfonts\amsfonts.sty"
Package: amsfonts 2009/06/22 v3.00 Basic AMSFonts support
\symAMSa=\mathgroup4
\symAMSb=\mathgroup5
LaTeX Font Info:    Overwriting math alphabet `\mathfrak' in version `bold'
(Font)                  U/euf/m/n --> U/euf/b/n on input line 96.
))
("C:\Program Files (x86)\MiKTeX 2.9\tex\latex\caption\caption.sty"
Package: caption 2013/02/03 v3.3-65 Customizing captions (AR)
\c@ContinuedFloat=\count107
Package caption Info: float package is loaded.
Package caption Info: floatrow package is loaded.
)
("C:\Program Files (x86)\MiKTeX 2.9\tex\latex\rotating\rotating.sty"
Package: rotating 2009/03/28 v2.16a rotated objects in LaTeX

("C:\Program Files (x86)\MiKTeX 2.9\tex\latex\base\ifthen.sty"
Package: ifthen 2001/05/26 v1.1c Standard LaTeX ifthen package (DPC)
)
\c@r@tfl@t=\count108
\rotFPtop=\skip60
\rotFPbot=\skip61
\rot@float@box=\box31
\rot@mess@toks=\toks23
)
("C:\Program Files (x86)\MiKTeX 2.9\tex\latex\tools\afterpage.sty"
Package: afterpage 1995/10/27 v1.08 After-Page Package (DPC)
\AP@output=\toks24
\AP@partial=\box32
\AP@footins=\box33
)
("C:\Program Files (x86)\MiKTeX 2.9\tex\latex\geometry\geometry.sty"
Package: geometry 2010/09/12 v5.6 Page Geometry

("C:\Program Files (x86)\MiKTeX 2.9\tex\generic\oberdiek\ifpdf.sty"
Package: ifpdf 2011/01/30 v2.3 Provides the ifpdf switch (HO)
Package ifpdf Info: pdfTeX in PDF mode is detected.
)
("C:\Program Files (x86)\MiKTeX 2.9\tex\generic\oberdiek\ifvtex.sty"
Package: ifvtex 2010/03/01 v1.5 Detect VTeX and its facilities (HO)
Package ifvtex Info: VTeX not detected.
)
("C:\Program Files (x86)\MiKTeX 2.9\tex\generic\ifxetex\ifxetex.sty"
Package: ifxetex 2010/09/12 v0.6 Provides ifxetex conditional
)
\Gm@cnth=\count109
\Gm@cntv=\count110
\c@Gm@tempcnt=\count111
\Gm@bindingoffset=\dimen125
\Gm@wd@mp=\dimen126
\Gm@odd@mp=\dimen127
\Gm@even@mp=\dimen128
\Gm@layoutwidth=\dimen129
\Gm@layoutheight=\dimen130
\Gm@layouthoffset=\dimen131
\Gm@layoutvoffset=\dimen132
\Gm@dimlist=\toks25

("C:\Program Files (x86)\MiKTeX 2.9\tex\latex\geometry\geometry.cfg"))
("C:\Program Files (x86)\MiKTeX 2.9\tex\latex\titlesec\titlesec.sty"
Package: titlesec 2011/12/15 v2.10.0 Sectioning titles
\ttl@box=\box34
\beforetitleunit=\skip62
\aftertitleunit=\skip63
\ttl@plus=\dimen133
\ttl@minus=\dimen134
\ttl@toksa=\toks26
\titlewidth=\dimen135
\titlewidthlast=\dimen136
\titlewidthfirst=\dimen137
)
("C:\Program Files (x86)\MiKTeX 2.9\tex\latex\titlesec\block.tss"
File: block.tss 2011/12/15
)
("C:\Users\Richard\Desktop\Tritium Paper\New folder\Tritium.aux"
("C:\Users\Richard\Desktop\Tritium Paper\New folder\Abstract.tex.aux")
("C:\Users\Richard\Desktop\Tritium Paper\New folder\Introduction.aux")
("C:\Users\Richard\Desktop\Tritium Paper\New folder\UMDExperiments.aux")
("C:\Users\Richard\Desktop\Tritium Paper\New folder\Simulations.aux")
("C:\Users\Richard\Desktop\Tritium Paper\New folder\Hardware.aux")
("C:\Users\Richard\Desktop\Tritium Paper\New folder\InjectionStrategy.aux")
("C:\Users\Richard\Desktop\Tritium Paper\New folder\Results.aux")
("C:\Users\Richard\Desktop\Tritium Paper\New folder\Summary.aux"))
LaTeX Font Info:    Checking defaults for OML/cmm/m/it on input line 21.
LaTeX Font Info:    ... okay on input line 21.
LaTeX Font Info:    Checking defaults for T1/cmr/m/n on input line 21.
LaTeX Font Info:    ... okay on input line 21.
LaTeX Font Info:    Checking defaults for OT1/cmr/m/n on input line 21.
LaTeX Font Info:    ... okay on input line 21.
LaTeX Font Info:    Checking defaults for OMS/cmsy/m/n on input line 21.
LaTeX Font Info:    ... okay on input line 21.
LaTeX Font Info:    Checking defaults for OMX/cmex/m/n on input line 21.
LaTeX Font Info:    ... okay on input line 21.
LaTeX Font Info:    Checking defaults for U/cmr/m/n on input line 21.
LaTeX Font Info:    ... okay on input line 21.

("C:\Program Files (x86)\MiKTeX 2.9\tex\context\base\supp-pdf.mkii"
[Loading MPS to PDF converter (version 2006.09.02).]
\scratchcounter=\count112
\scratchdimen=\dimen138
\scratchbox=\box35
\nofMPsegments=\count113
\nofMParguments=\count114
\everyMPshowfont=\toks27
\MPscratchCnt=\count115
\MPscratchDim=\dimen139
\MPnumerator=\count116
\makeMPintoPDFobject=\count117
\everyMPtoPDFconversion=\toks28
)
Package caption Info: Begin \AtBeginDocument code.
Package caption Info: rotating package is loaded.
Package caption Info: End \AtBeginDocument code.
 ("C:\Program Files (x86)\MiKTeX 2.9\tex\latex\graphics\color.sty"
Package: color 2005/11/14 v1.0j Standard LaTeX Color (DPC)

("C:\Program Files (x86)\MiKTeX 2.9\tex\latex\00miktex\color.cfg"
File: color.cfg 2007/01/18 v1.5 color configuration of teTeX/TeXLive
)
Package color Info: Driver file: pdftex.def on input line 130.
)
*geometry* driver: auto-detecting
*geometry* detected driver: pdftex
*geometry* verbose mode - [ preamble ] result:
* driver: pdftex
* paper: <default>
* layout: <same size as paper>
* layoutoffset:(h,v)=(0.0pt,0.0pt)
* modes: 
* h-part:(L,W,R)=(92.14519pt, 430.00462pt, 92.14519pt)
* v-part:(T,H,B)=(95.39737pt, 556.47656pt, 143.09605pt)
* \paperwidth=614.295pt
* \paperheight=794.96999pt
* \textwidth=430.00462pt
* \textheight=556.47656pt
* \oddsidemargin=19.8752pt
* \evensidemargin=19.8752pt
* \topmargin=-13.87262pt
* \headheight=12.0pt
* \headsep=25.0pt
* \topskip=12.0pt
* \footskip=30.0pt
* \marginparwidth=4.0pt
* \marginparsep=10.0pt
* \columnsep=10.0pt
* \skip\footins=10.8pt plus 4.0pt minus 2.0pt
* \hoffset=0.0pt
* \voffset=0.0pt
* \mag=1000
* \@twocolumntrue
* \@twosidefalse
* \@mparswitchfalse
* \@reversemarginfalse
* (1in=72.27pt=25.4mm, 1cm=28.453pt)

LaTeX Font Info:    Try loading font information for U+msa on input line 33.
("C:\Program Files (x86)\MiKTeX 2.9\tex\latex\amsfonts\umsa.fd"
File: umsa.fd 2009/06/22 v3.00 AMS symbols A
)
LaTeX Font Info:    Try loading font information for U+msb on input line 33.

("C:\Program Files (x86)\MiKTeX 2.9\tex\latex\amsfonts\umsb.fd"
File: umsb.fd 2009/06/22 v3.00 AMS symbols B
)
("C:\Users\Richard\Desktop\Tritium Paper\New folder\Abstract.tex")
("C:\Users\Richard\Desktop\Tritium Paper\New folder\Introduction.tex"
Underfull \vbox (badness 4060) has occurred while \output is active []


Underfull \vbox (badness 10000) has occurred while \output is active []

 [1{C:/ProgramData/MiKTeX/2.9/pdftex/config/pdftex.map}


]
<lux.jpg, id=10, 531.9875pt x 433.62pt>
File: lux.jpg Graphic file (type jpg)
 <use lux.jpg>
Package pdftex.def Info: lux.jpg used on input line 7.
(pdftex.def)             Requested size: 132.99655pt x 108.40472pt.
)
Underfull \vbox (badness 6332) has occurred while \output is active []

 [2 <C:/Users/Richard/Desktop/Tritium Paper/New folder/lux.jpg>]
("C:\Users\Richard\Desktop\Tritium Paper\New folder\UMDExperiments.tex"
<GasSystem.png, id=16, 561.59813pt x 864.22874pt>
File: GasSystem.png Graphic file (type png)
 <use GasSystem.png>
Package pdftex.def Info: GasSystem.png used on input line 13.
(pdftex.def)             Requested size: 168.48073pt x 259.27061pt.
 [3 <C:/Users/Richard/Desktop/Tritium Paper/New folder/GasSystem.png>]
<Figone.png, id=20, 845.40843pt x 509.65407pt>
File: Figone.png Graphic file (type png)
 <use Figone.png>
Package pdftex.def Info: Figone.png used on input line 26.
(pdftex.def)             Requested size: 169.07869pt x 101.929pt.

Underfull \hbox (badness 1648) in paragraph at lines 31--32
[]\OT1/cmr/m/n/12 We found that al-low-ing for am-ple
 []

<Figfour.png, id=22, 794.2172pt x 527.72156pt>
File: Figfour.png Graphic file (type png)
 <use Figfour.png>
Package pdftex.def Info: Figfour.png used on input line 35.
(pdftex.def)             Requested size: 158.84062pt x 105.54243pt.

<UMDInjectionSys.png, id=23, 423.83344pt x 465.23813pt>
File: UMDInjectionSys.png Graphic file (type png)

<use UMDInjectionSys.png>
Package pdftex.def Info: UMDInjectionSys.png used on input line 46.
(pdftex.def)             Requested size: 169.53036pt x 186.09195pt.


LaTeX Warning: `h' float specifier changed to `ht'.

[4 <C:/Users/Richard/Desktop/Tritium Paper/New folder/Figone.png> <C:/Users/Ric
hard/Desktop/Tritium Paper/New folder/Figfour.png>]
<cryo.png, id=28, 219.82124pt x 416.30531pt>
File: cryo.png Graphic file (type png)
 <use cryo.png>
Package pdftex.def Info: cryo.png used on input line 57.
(pdftex.def)             Requested size: 109.91034pt x 208.15215pt.


LaTeX Warning: `h' float specifier changed to `ht'.


Underfull \vbox (badness 3058) has occurred while \output is active []

 [5 <C:/Users/Richard/Desktop/Tritium Paper/New folder/UMDInjectionSys.png> <C:
/Users/Richard/Desktop/Tritium Paper/New folder/cryo.png>]
Underfull \hbox (badness 1460) in paragraph at lines 65--66
\OT1/cmr/m/n/12 tak-ing an ad-e-quate amount of back-
 []


Overfull \hbox (77.20428pt too wide) in paragraph at lines 94--95
 [][] 
 []

[6] [7

] <spectra.png, id=43, 727.518pt x 277.035pt>
File: spectra.png Graphic file (type png)
 <use spectra.png>
Package pdftex.def Info: spectra.png used on input line 101.
(pdftex.def)             Requested size: 181.87906pt x 69.25858pt.

<ResidualBackgroundCorrected_SystemErr.png, id=44, 1204.5pt x 409.53pt>
File: ResidualBackgroundCorrected_SystemErr.png Graphic file (type png)

<use ResidualBackgroundCorrected_SystemErr.png>
Package pdftex.def Info: ResidualBackgroundCorrected_SystemErr.png used on inpu
t line 111.
(pdftex.def)             Requested size: 180.6672pt x 61.42683pt.


LaTeX Warning: `h' float specifier changed to `ht'.

) ("C:\Users\Richard\Desktop\Tritium Paper\New folder\Simulations.tex" [8

 <C:/Users/Richard/Desktop/Tritium Paper/New folder/spectra.png> <C:/Users/Rich
ard/Desktop/Tritium Paper/New folder/ResidualBackgroundCorrected_SystemErr.png 
(PNG copy)>]
Overfull \hbox (6.81721pt too wide) detected at line 22
\OML/cmm/m/it/12 J[]\OT1/cmr/m/n/12 (\OML/cmm/m/it/12 t\OT1/cmr/m/n/12 ) = \OMS
/cmsy/m/n/12  \OML/cmm/m/it/12 K[]\OT1/cmr/m/n/12 ([] []\OML/cmm/m/it/12 d \OT
1/cmr/m/n/12 + [])\OML/cmm/m/it/12 ;
 []

[9] <Outgassing_TimeHisto_Log.png, id=56, 864.22874pt x 571.38469pt>
File: Outgassing_TimeHisto_Log.png Graphic file (type png)

<use Outgassing_TimeHisto_Log.png>
Package pdftex.def Info: Outgassing_TimeHisto_Log.png used on input line 33.
(pdftex.def)             Requested size: 172.84268pt x 114.2749pt.

<Steps_Overlay.png, id=57, 698.61pt x 473.77pt>
File: Steps_Overlay.png Graphic file (type png)
 <use Steps_Overlay.png>
Package pdftex.def Info: Steps_Overlay.png used on input line 42.
(pdftex.def)             Requested size: 174.65207pt x 118.4422pt.

[10 <C:/Users/Richard/Desktop/Tritium Paper/New folder/Outgassing_TimeHisto_Log
.png> <C:/Users/Richard/Desktop/Tritium Paper/New folder/Steps_Overlay.png>]
<Cesium_Combined_Fit.png, id=62, 608.2725pt x 623.32875pt>
File: Cesium_Combined_Fit.png Graphic file (type png)

<use Cesium_Combined_Fit.png>
Package pdftex.def Info: Cesium_Combined_Fit.png used on input line 51.
(pdftex.def)             Requested size: 182.48315pt x 187.00006pt.

<StepsandNoSteps.png, id=63, 470.50781pt x 445.665pt>
File: StepsandNoSteps.png Graphic file (type png)

<use StepsandNoSteps.png>
Package pdftex.def Info: StepsandNoSteps.png used on input line 60.
(pdftex.def)             Requested size: 188.19978pt x 178.26283pt.
 [11 <C:/Users/Richard/Desktop/Tritium Paper/New folder/Cesium_Combined_Fit.png
> <C:/Users/Richard/Desktop/Tritium Paper/New folder/StepsandNoSteps.png>]
Overfull \hbox (4.49739pt too wide) detected at line 79
\OML/cmm/m/it/12 [] \OT1/cmr/m/n/12 = \OML/cmm/m/it/12 [] \OT1/cmr/m/n/12 + 
\OML/cmm/m/it/12 t\OT1/cmr/m/n/12 (\OML/cmm/m/it/12 D[]\OT1/cmr/m/n/12 )\OML/cm
m/m/it/12 ;
 []

[12] <LUXActivityOverTime.png, id=70, 1204.5pt x 572.1375pt>
File: LUXActivityOverTime.png Graphic file (type png)

<use LUXActivityOverTime.png>
Package pdftex.def Info: LUXActivityOverTime.png used on input line 93.
(pdftex.def)             Requested size: 180.6672pt x 85.81691pt.
)
Underfull \hbox (badness 1365) in paragraph at lines 98--41
[]\OT1/cmr/m/n/12 NOTE: UP-DATE THIS SEC-TION,
 []


Underfull \hbox (badness 1655) in paragraph at lines 98--41
\OT1/cmr/m/n/12 REDO EV-ERY-THING WITH SAME
 []


Underfull \hbox (badness 1845) in paragraph at lines 98--41
\OT1/cmr/m/n/12 FIDU-CIAL VOL-UMES, TIME CON-
 []

("C:\Users\Richard\Desktop\Tritium Paper\New folder\Hardware.tex" [13 <C:/Users
/Richard/Desktop/Tritium Paper/New folder/LUXActivityOverTime.png (PNG copy)>]
<BottleSetup.png, id=75, 655.69969pt x 306.39468pt>
File: BottleSetup.png Graphic file (type png)
 <use BottleSetup.png>
Package pdftex.def Info: BottleSetup.png used on input line 11.
(pdftex.def)             Requested size: 196.71143pt x 91.91911pt.

<TritiumPlumbingUpdated.png, id=76, 630.85687pt x 438.13687pt>
File: TritiumPlumbingUpdated.png Graphic file (type png)

<use TritiumPlumbingUpdated.png>
Package pdftex.def Info: TritiumPlumbingUpdated.png used on input line 23.
(pdftex.def)             Requested size: 189.25851pt x 131.44206pt.

Underfull \vbox (badness 10000) has occurred while \output is active []

 [14 <C:/Users/Richard/Desktop/Tritium Paper/New folder/BottleSetup.png>])
("C:\Users\Richard\Desktop\Tritium Paper\New folder\InjectionStrategy.tex"
Underfull \hbox (badness 5105) in paragraph at lines 12--13
[]\OT1/cmr/m/n/12 NOTE: ASK JON FOR EX-ACT
 []

<CH4_injection.png, id=80, 513.92pt x 433.62pt>
File: CH4_injection.png Graphic file (type png)
 <use CH4_injection.png>
Package pdftex.def Info: CH4_injection.png used on input line 16.
(pdftex.def)             Requested size: 154.17719pt x 130.087pt.

[15 <C:/Users/Richard/Desktop/Tritium Paper/New folder/TritiumPlumbingUpdated.p
ng>] <LUX_prelimCH3T.png, id=84, 908.39375pt x 575.14874pt>
File: LUX_prelimCH3T.png Graphic file (type png)

<use LUX_prelimCH3T.png>
Package pdftex.def Info: LUX_prelimCH3T.png used on input line 28.
(pdftex.def)             Requested size: 181.67552pt x 115.02771pt.

Underfull \vbox (badness 10000) has occurred while \output is active []


<CH3T_fid_rate_new.png, id=85, 529.98pt x 427.5975pt>
File: CH3T_fid_rate_new.png Graphic file (type png)

<use CH3T_fid_rate_new.png>
Package pdftex.def Info: CH3T_fid_rate_new.png used on input line 37.
(pdftex.def)             Requested size: 132.49466pt x 106.89911pt.

<CH3T_no_fid_rate_new.png, id=86, 520.94624pt x 427.5975pt>
File: CH3T_no_fid_rate_new.png Graphic file (type png)

<use CH3T_no_fid_rate_new.png>
Package pdftex.def Info: CH3T_no_fid_rate_new.png used on input line 44.
(pdftex.def)             Requested size: 114.60852pt x 94.07173pt.

Underfull \vbox (badness 7540) has occurred while \output is active []

 [16 <C:/Users/Richard/Desktop/Tritium Paper/New folder/CH4_injection.png> <C:/
Users/Richard/Desktop/Tritium Paper/New folder/LUX_prelimCH3T.png> <C:/Users/Ri
chard/Desktop/Tritium Paper/New folder/CH3T_fid_rate_new.png>]
Underfull \hbox (badness 2213) in paragraph at lines 50--51
[]\OT1/cmr/m/n/12 NOTE: UP-DATE THESE PLOTS,
 []


Underfull \hbox (badness 10000) in paragraph at lines 50--51
\OT1/cmr/m/n/12 ES-PE-CIALLY THE SIM-U-LA-TION
 []


Underfull \hbox (badness 1394) in paragraph at lines 50--51
\OT1/cmr/m/n/12 PLOT. CHANGE FIDU-CIAL FRAC-
 []


Underfull \hbox (badness 1448) in paragraph at lines 50--51
\OT1/cmr/m/n/12 TION IN SIMS TO MATCH DATA
 []

) ("C:\Users\Richard\Desktop\Tritium Paper\New folder\Results.tex"
Underfull \hbox (badness 1178) in paragraph at lines 4--5
\OT1/cmr/m/n/12 LUX's NEST sim-u-la-tions closely pre-
 []

[17 <C:/Users/Richard/Desktop/Tritium Paper/New folder/CH3T_no_fid_rate_new.png
>] <LUXTimeHisto.png, id=97, 540.51938pt x 426.84468pt>
File: LUXTimeHisto.png Graphic file (type png)
 <use LUXTimeHisto.png>
Package pdftex.def Info: LUXTimeHisto.png used on input line 14.
(pdftex.def)             Requested size: 135.1295pt x 106.7109pt.

<BeforeAndAfter.png, id=98, 681.29532pt x 326.72063pt>
File: BeforeAndAfter.png Graphic file (type png)

<use BeforeAndAfter.png>
Package pdftex.def Info: BeforeAndAfter.png used on input line 21.
(pdftex.def)             Requested size: 170.32341pt x 81.67995pt.
)
Underfull \hbox (badness 10000) in paragraph at lines 27--47
[]\OT1/cmr/m/n/12 NOTE: MAKE DIS-TRI-BU-TION
 []


Underfull \hbox (badness 10000) in paragraph at lines 27--47
\OT1/cmr/m/n/12 PLOTS AND REDO NUM-BERS
 []

("C:\Users\Richard\Desktop\Tritium Paper\New folder\Summary.tex")
Underfull \hbox (badness 10000) in paragraph at lines 54--55
[]\OT1/cmr/m/n/12 Kastens, et al. \OT1/cmr/m/it/12 Phys. Rev. C
 []

[18 <C:/Users/Richard/Desktop/Tritium Paper/New folder/LUXTimeHisto.png> <C:/Us
ers/Richard/Desktop/Tritium Paper/New folder/BeforeAndAfter.png>]
("C:\Users\Richard\Desktop\Tritium Paper\New folder\Tritium.aux")

LaTeX Warning: Label(s) may have changed. Rerun to get cross-references right.

 ) 
Here is how much of TeX's memory you used:
 4692 strings out of 494045
 69764 string characters out of 3145963
 138458 words of memory out of 3000000
 7878 multiletter control sequences out of 15000+200000
 12445 words of font info for 48 fonts, out of 3000000 for 9000
 715 hyphenation exceptions out of 8191
 37i,10n,40p,1744b,387s stack positions out of 5000i,500n,10000p,200000b,50000s
<C:/Program Files (x86)/MiKTeX 2.9/fonts/type1/public/amsfonts/cm/cmbx10.pfb>
<C:/Program Files (x86)/MiKTeX 2.9/fonts/type1/public/amsfonts/cm/cmbx12.pfb><C
:/Program Files (x86)/MiKTeX 2.9/fonts/type1/public/amsfonts/cm/cmex10.pfb><C:/
Program Files (x86)/MiKTeX 2.9/fonts/type1/public/amsfonts/cm/cmmi12.pfb><C:/Pr
ogram Files (x86)/MiKTeX 2.9/fonts/type1/public/amsfonts/cm/cmmi6.pfb><C:/Progr
am Files (x86)/MiKTeX 2.9/fonts/type1/public/amsfonts/cm/cmmi8.pfb><C:/Program 
Files (x86)/MiKTeX 2.9/fonts/type1/public/amsfonts/cm/cmr10.pfb><C:/Program Fil
es (x86)/MiKTeX 2.9/fonts/type1/public/amsfonts/cm/cmr12.pfb><C:/Program Files 
(x86)/MiKTeX 2.9/fonts/type1/public/amsfonts/cm/cmr17.pfb><C:/Program Files (x8
6)/MiKTeX 2.9/fonts/type1/public/amsfonts/cm/cmr6.pfb><C:/Program Files (x86)/M
iKTeX 2.9/fonts/type1/public/amsfonts/cm/cmr8.pfb><C:/Program Files (x86)/MiKTe
X 2.9/fonts/type1/public/amsfonts/cm/cmsy10.pfb><C:/Program Files (x86)/MiKTeX 
2.9/fonts/type1/public/amsfonts/cm/cmsy6.pfb><C:/Program Files (x86)/MiKTeX 2.9
/fonts/type1/public/amsfonts/cm/cmsy8.pfb><C:/Program Files (x86)/MiKTeX 2.9/fo
nts/type1/public/amsfonts/cm/cmti12.pfb>
Output written on Tritium.pdf (18 pages, 1455713 bytes).
PDF statistics:
 150 PDF objects out of 1000 (max. 8388607)
 0 named destinations out of 1000 (max. 500000)
 106 words of extra memory for PDF output out of 10000 (max. 10000000)

